<?xml version="1.0" encoding="UTF-8"?>
<!-- Generated by org.testng.reporters.JUnitXMLReporter -->
<testsuite hostname="DESKTOP-0DT4K5P" ignored="0" name="Test" tests="6" failures="0" timestamp="2021-05-07T18:02:55 EET" time="0.043" errors="0">
  <testcase name="browserAutomation" time="0.003" classname="mavenPractice.SeleniumTest"/>
  <testcase name="browserAutomation2" time="0.0" classname="mavenPractice.SeleniumTest"/>
  <testcase name="APIAutomation" time="0.0" classname="mavenPractice.APITest"/>
  <testcase name="APIAutomation2" time="0.0" classname="mavenPractice.APITest"/>
  <testcase name="appiumAutomation" time="0.0" classname="mavenPractice.AppiumTest"/>
  <testcase name="appiumAutomation2" time="0.0" classname="mavenPractice.AppiumTest"/>
</testsuite> <!-- Test -->
